<?xml version="1.0" encoding="UTF-8"?>
<!-- Generated by org.testng.reporters.JUnitReportReporter -->
<testsuite hostname="LAPTOP-FBP5ETGI" failures="0" tests="13" name="com.mindtree.runner.BigSmall" time="448.787" errors="0" timestamp="2021-11-22T15:29:53 GMT+05:30" skipped="0">
  <testcase classname="com.mindtree.runner.BigSmall" name="runScenario" time="16.469"/>
  <system-out/>
  <testcase classname="com.mindtree.runner.BigSmall" name="runScenario" time="8.556"/>
  <system-out/>
  <testcase classname="com.mindtree.runner.BigSmall" name="runScenario" time="11.592"/>
  <system-out/>
  <testcase classname="com.mindtree.runner.BigSmall" name="runScenario" time="2.364"/>
  <system-out/>
  <testcase classname="com.mindtree.runner.BigSmall" name="runScenario" time="17.568"/>
  <system-out/>
  <testcase classname="com.mindtree.runner.BigSmall" name="runScenario" time="9.881"/>
  <system-out/>
  <testcase classname="com.mindtree.runner.BigSmall" name="runScenario" time="149.050"/>
  <system-out/>
  <testcase classname="com.mindtree.runner.BigSmall" name="runScenario" time="98.008"/>
  <system-out/>
  <testcase classname="com.mindtree.runner.BigSmall" name="runScenario" time="42.023"/>
  <system-out/>
  <testcase classname="com.mindtree.runner.BigSmall" name="runScenario" time="23.659"/>
  <system-out/>
  <testcase classname="com.mindtree.runner.BigSmall" name="runScenario" time="6.281"/>
  <system-out/>
  <testcase classname="com.mindtree.runner.BigSmall" name="runScenario" time="10.165"/>
  <system-out/>
  <testcase classname="com.mindtree.runner.BigSmall" name="runScenario" time="53.171"/>
  <system-out/>
</testsuite> <!-- com.mindtree.runner.BigSmall -->
